<?xml version="1.0" encoding="UTF-8"?>
<!-- Generated by org.testng.reporters.JUnitXMLReporter -->
<testsuite ignored="0" hostname="LTIN235691" failures="0" tests="6" name="Chrome" time="41.521" errors="0" timestamp="2024-03-06T15:25:54 IST">
  <testcase classname="TestCase.TC_01_zigwheels" name="upcmgBikes" time="3.336"/>
  <testcase classname="TestCase.TC_01_zigwheels" name="newBikes" time="5.536"/>
  <testcase classname="TestCase.TC_01_zigwheels" name="usCkr" time="4.419"/>
  <testcase classname="TestCase.TC_01_zigwheels" name="upcomingCars" time="1.629"/>
  <testcase classname="TestCase.TC_01_zigwheels" name="lopkg" time="2.668"/>
  <testcase classname="TestCase.TC_01_zigwheels" name="login" time="2.662"/>
</testsuite> <!-- Chrome -->
