<?xml version="1.0" encoding="UTF-8"?>
<!-- Generated by org.testng.reporters.JUnitXMLReporter -->
<testsuite ignored="0" hostname="LTIN235691" failures="0" tests="6" name="Edge" time="38.492" errors="0" timestamp="2024-03-06T15:26:32 IST">
  <testcase classname="TestCase.TC_01_zigwheels" name="upcmgBikes" time="4.888"/>
  <testcase classname="TestCase.TC_01_zigwheels" name="newBikes" time="3.694"/>
  <testcase classname="TestCase.TC_01_zigwheels" name="usCkr" time="4.089"/>
  <testcase classname="TestCase.TC_01_zigwheels" name="upcomingCars" time="2.123"/>
  <testcase classname="TestCase.TC_01_zigwheels" name="lopkg" time="1.919"/>
  <testcase classname="TestCase.TC_01_zigwheels" name="login" time="3.08"/>
</testsuite> <!-- Edge -->
