<?xml version="1.0" encoding="UTF-8"?>
<!-- Generated by org.testng.reporters.JUnitXMLReporter -->
<testsuite ignored="0" hostname="LTIN235691" failures="0" tests="6" name="Chrome" time="101.528" errors="0" timestamp="2024-03-05T14:18:46 IST">
  <testcase classname="TestCase.TC_01_zigwheels" name="upcmgBikes" time="30.661"/>
  <testcase classname="TestCase.TC_01_zigwheels" name="newBikes" time="20.913"/>
  <testcase classname="TestCase.TC_01_zigwheels" name="usCkr" time="7.105"/>
  <testcase classname="TestCase.TC_01_zigwheels" name="upcomingCars" time="2.249"/>
  <testcase classname="TestCase.TC_01_zigwheels" name="lopkg" time="1.883"/>
  <testcase classname="TestCase.TC_01_zigwheels" name="login" time="6.701"/>
</testsuite> <!-- Chrome -->
