<?xml version="1.0" encoding="UTF-8"?>
<!-- Generated by org.testng.reporters.JUnitXMLReporter -->
<testsuite ignored="0" hostname="LTIN235691" failures="0" tests="6" name="Edge" time="143.405" errors="0" timestamp="2024-03-06T10:46:50 IST">
  <testcase classname="TestCase.TC_01_zigwheels" name="upcmgBikes" time="57.515"/>
  <testcase classname="TestCase.TC_01_zigwheels" name="newBikes" time="22.905"/>
  <testcase classname="TestCase.TC_01_zigwheels" name="usCkr" time="11.812"/>
  <testcase classname="TestCase.TC_01_zigwheels" name="upcomingCars" time="2.556"/>
  <testcase classname="TestCase.TC_01_zigwheels" name="lopkg" time="2.131"/>
  <testcase classname="TestCase.TC_01_zigwheels" name="login" time="4.537"/>
</testsuite> <!-- Edge -->
