<?xml version="1.0" encoding="UTF-8"?>
<!-- Generated by org.testng.reporters.JUnitXMLReporter -->
<testsuite ignored="0" hostname="LTIN235691" failures="0" tests="6" name="Edge" time="39.605" errors="0" timestamp="2024-03-05T14:19:26 IST">
  <testcase classname="TestCase.TC_01_zigwheels" name="upcmgBikes" time="3.486"/>
  <testcase classname="TestCase.TC_01_zigwheels" name="newBikes" time="4.537"/>
  <testcase classname="TestCase.TC_01_zigwheels" name="usCkr" time="4.873"/>
  <testcase classname="TestCase.TC_01_zigwheels" name="upcomingCars" time="1.758"/>
  <testcase classname="TestCase.TC_01_zigwheels" name="lopkg" time="3.634"/>
  <testcase classname="TestCase.TC_01_zigwheels" name="login" time="2.576"/>
</testsuite> <!-- Edge -->
