<?xml version="1.0" encoding="UTF-8"?>
<testng-results ignored="0" total="12" passed="11" failed="1" skipped="0">
  <reporter-output>
  </reporter-output>
  <suite started-at="2024-03-06T10:42:57 IST" name="Suite" finished-at="2024-03-06T10:46:50 IST" duration-ms="233213">
    <groups>
      <group name="regression">
        <method signature="TC_01_zigwheels.upcmgBikes()[pri:1, instance:TestCase.TC_01_zigwheels@15c43bd9]" name="upcmgBikes" class="TestCase.TC_01_zigwheels"/>
        <method signature="TC_01_zigwheels.newBikes()[pri:2, instance:TestCase.TC_01_zigwheels@15c43bd9]" name="newBikes" class="TestCase.TC_01_zigwheels"/>
        <method signature="TC_01_zigwheels.usCkr()[pri:3, instance:TestCase.TC_01_zigwheels@15c43bd9]" name="usCkr" class="TestCase.TC_01_zigwheels"/>
        <method signature="TC_01_zigwheels.upcomingCars()[pri:4, instance:TestCase.TC_01_zigwheels@15c43bd9]" name="upcomingCars" class="TestCase.TC_01_zigwheels"/>
        <method signature="TC_01_zigwheels.lopkg()[pri:5, instance:TestCase.TC_01_zigwheels@15c43bd9]" name="lopkg" class="TestCase.TC_01_zigwheels"/>
        <method signature="TC_01_zigwheels.login()[pri:6, instance:TestCase.TC_01_zigwheels@15c43bd9]" name="login" class="TestCase.TC_01_zigwheels"/>
        <method signature="TC_01_zigwheels.upcmgBikes()[pri:1, instance:TestCase.TC_01_zigwheels@61862a7f]" name="upcmgBikes" class="TestCase.TC_01_zigwheels"/>
        <method signature="TC_01_zigwheels.newBikes()[pri:2, instance:TestCase.TC_01_zigwheels@61862a7f]" name="newBikes" class="TestCase.TC_01_zigwheels"/>
        <method signature="TC_01_zigwheels.usCkr()[pri:3, instance:TestCase.TC_01_zigwheels@61862a7f]" name="usCkr" class="TestCase.TC_01_zigwheels"/>
        <method signature="TC_01_zigwheels.upcomingCars()[pri:4, instance:TestCase.TC_01_zigwheels@61862a7f]" name="upcomingCars" class="TestCase.TC_01_zigwheels"/>
        <method signature="TC_01_zigwheels.lopkg()[pri:5, instance:TestCase.TC_01_zigwheels@61862a7f]" name="lopkg" class="TestCase.TC_01_zigwheels"/>
        <method signature="TC_01_zigwheels.login()[pri:6, instance:TestCase.TC_01_zigwheels@61862a7f]" name="login" class="TestCase.TC_01_zigwheels"/>
      </group> <!-- regression -->
      <group name="smoke">
        <method signature="TC_01_zigwheels.upcmgBikes()[pri:1, instance:TestCase.TC_01_zigwheels@15c43bd9]" name="upcmgBikes" class="TestCase.TC_01_zigwheels"/>
        <method signature="TC_01_zigwheels.usCkr()[pri:3, instance:TestCase.TC_01_zigwheels@15c43bd9]" name="usCkr" class="TestCase.TC_01_zigwheels"/>
        <method signature="TC_01_zigwheels.lopkg()[pri:5, instance:TestCase.TC_01_zigwheels@15c43bd9]" name="lopkg" class="TestCase.TC_01_zigwheels"/>
        <method signature="TC_01_zigwheels.upcmgBikes()[pri:1, instance:TestCase.TC_01_zigwheels@61862a7f]" name="upcmgBikes" class="TestCase.TC_01_zigwheels"/>
        <method signature="TC_01_zigwheels.usCkr()[pri:3, instance:TestCase.TC_01_zigwheels@61862a7f]" name="usCkr" class="TestCase.TC_01_zigwheels"/>
        <method signature="TC_01_zigwheels.lopkg()[pri:5, instance:TestCase.TC_01_zigwheels@61862a7f]" name="lopkg" class="TestCase.TC_01_zigwheels"/>
      </group> <!-- smoke -->
      <group name="master">
        <method signature="TC_01_zigwheels.upcmgBikes()[pri:1, instance:TestCase.TC_01_zigwheels@15c43bd9]" name="upcmgBikes" class="TestCase.TC_01_zigwheels"/>
        <method signature="TC_01_zigwheels.newBikes()[pri:2, instance:TestCase.TC_01_zigwheels@15c43bd9]" name="newBikes" class="TestCase.TC_01_zigwheels"/>
        <method signature="TC_01_zigwheels.usCkr()[pri:3, instance:TestCase.TC_01_zigwheels@15c43bd9]" name="usCkr" class="TestCase.TC_01_zigwheels"/>
        <method signature="TC_01_zigwheels.upcomingCars()[pri:4, instance:TestCase.TC_01_zigwheels@15c43bd9]" name="upcomingCars" class="TestCase.TC_01_zigwheels"/>
        <method signature="TC_01_zigwheels.lopkg()[pri:5, instance:TestCase.TC_01_zigwheels@15c43bd9]" name="lopkg" class="TestCase.TC_01_zigwheels"/>
        <method signature="TC_01_zigwheels.login()[pri:6, instance:TestCase.TC_01_zigwheels@15c43bd9]" name="login" class="TestCase.TC_01_zigwheels"/>
        <method signature="TC_01_zigwheels.upcmgBikes()[pri:1, instance:TestCase.TC_01_zigwheels@61862a7f]" name="upcmgBikes" class="TestCase.TC_01_zigwheels"/>
        <method signature="TC_01_zigwheels.newBikes()[pri:2, instance:TestCase.TC_01_zigwheels@61862a7f]" name="newBikes" class="TestCase.TC_01_zigwheels"/>
        <method signature="TC_01_zigwheels.usCkr()[pri:3, instance:TestCase.TC_01_zigwheels@61862a7f]" name="usCkr" class="TestCase.TC_01_zigwheels"/>
        <method signature="TC_01_zigwheels.upcomingCars()[pri:4, instance:TestCase.TC_01_zigwheels@61862a7f]" name="upcomingCars" class="TestCase.TC_01_zigwheels"/>
        <method signature="TC_01_zigwheels.lopkg()[pri:5, instance:TestCase.TC_01_zigwheels@61862a7f]" name="lopkg" class="TestCase.TC_01_zigwheels"/>
        <method signature="TC_01_zigwheels.login()[pri:6, instance:TestCase.TC_01_zigwheels@61862a7f]" name="login" class="TestCase.TC_01_zigwheels"/>
      </group> <!-- master -->
    </groups>
    <test started-at="2024-03-06T10:42:57 IST" name="Chrome" finished-at="2024-03-06T10:44:26 IST" duration-ms="89306">
      <class name="TestCase.TC_01_zigwheels">
        <test-method is-config="true" signature="setup(java.lang.String)[pri:0, instance:TestCase.TC_01_zigwheels@15c43bd9]" started-at="2024-03-06T10:42:57 IST" name="setup" finished-at="2024-03-06T10:43:20 IST" duration-ms="23437" status="PASS">
          <params>
            <param index="0">
              <value>
                <![CDATA[Chrome]]>
              </value>
            </param>
          </params>
          <reporter-output>
          </reporter-output>
        </test-method> <!-- setup -->
        <test-method signature="upcmgBikes()[pri:1, instance:TestCase.TC_01_zigwheels@15c43bd9]" started-at="2024-03-06T10:43:21 IST" name="upcmgBikes" finished-at="2024-03-06T10:43:26 IST" duration-ms="5547" status="PASS">
          <reporter-output>
          </reporter-output>
        </test-method> <!-- upcmgBikes -->
        <test-method signature="newBikes()[pri:2, instance:TestCase.TC_01_zigwheels@15c43bd9]" started-at="2024-03-06T10:43:26 IST" name="newBikes" finished-at="2024-03-06T10:43:36 IST" duration-ms="9568" status="PASS">
          <reporter-output>
          </reporter-output>
        </test-method> <!-- newBikes -->
        <test-method signature="usCkr()[pri:3, instance:TestCase.TC_01_zigwheels@15c43bd9]" started-at="2024-03-06T10:43:36 IST" name="usCkr" finished-at="2024-03-06T10:43:43 IST" duration-ms="7772" status="PASS">
          <reporter-output>
          </reporter-output>
        </test-method> <!-- usCkr -->
        <test-method signature="upcomingCars()[pri:4, instance:TestCase.TC_01_zigwheels@15c43bd9]" started-at="2024-03-06T10:43:43 IST" name="upcomingCars" finished-at="2024-03-06T10:43:46 IST" duration-ms="2801" status="PASS">
          <reporter-output>
          </reporter-output>
        </test-method> <!-- upcomingCars -->
        <test-method signature="lopkg()[pri:5, instance:TestCase.TC_01_zigwheels@15c43bd9]" started-at="2024-03-06T10:43:46 IST" name="lopkg" finished-at="2024-03-06T10:43:49 IST" duration-ms="3057" status="PASS">
          <reporter-output>
          </reporter-output>
        </test-method> <!-- lopkg -->
        <test-method signature="login()[pri:6, instance:TestCase.TC_01_zigwheels@15c43bd9]" started-at="2024-03-06T10:43:49 IST" name="login" finished-at="2024-03-06T10:44:24 IST" duration-ms="35159" status="FAIL">
          <exception class="org.openqa.selenium.NoSuchElementException">
            <message>
              <![CDATA[no such element: Unable to locate element: {"method":"xpath","selector":"//div[@class='Ekjuhf Jj6Lae']"}
  (Session info: chrome=120.0.6099.130)
For documentation on this error, please visit: https://www.selenium.dev/documentation/webdriver/troubleshooting/errors#no-such-element-exception
Build info: version: '4.17.0', revision: 'e52b1be057*'
System info: os.name: 'Windows 11', os.arch: 'amd64', os.version: '10.0', java.version: '17.0.2'
Driver info: org.openqa.selenium.chrome.ChromeDriver
Command: [7af6e5b096d88cecff298ffd103166a7, findElement {value=//div[@class='Ekjuhf Jj6Lae'], using=xpath}]
Capabilities {acceptInsecureCerts: false, browserName: chrome, browserVersion: 120.0.6099.130, chrome: {chromedriverVersion: 120.0.6099.109 (3419140ab66..., userDataDir: C:\Windows\SystemTemp\scope...}, fedcm:accounts: true, goog:chromeOptions: {debuggerAddress: localhost:54456}, networkConnectionEnabled: false, pageLoadStrategy: normal, platformName: windows, proxy: Proxy(), se:cdp: ws://localhost:54456/devtoo..., se:cdpVersion: 120.0.6099.130, setWindowRect: true, strictFileInteractability: false, timeouts: {implicit: 0, pageLoad: 300000, script: 30000}, unhandledPromptBehavior: dismiss and notify, webauthn:extension:credBlob: true, webauthn:extension:largeBlob: true, webauthn:extension:minPinLength: true, webauthn:extension:prf: true, webauthn:virtualAuthenticators: true}
Session ID: 7af6e5b096d88cecff298ffd103166a7]]>
            </message>
            <full-stacktrace>
              <![CDATA[org.openqa.selenium.NoSuchElementException: no such element: Unable to locate element: {"method":"xpath","selector":"//div[@class='Ekjuhf Jj6Lae']"}
  (Session info: chrome=120.0.6099.130)
For documentation on this error, please visit: https://www.selenium.dev/documentation/webdriver/troubleshooting/errors#no-such-element-exception
Build info: version: '4.17.0', revision: 'e52b1be057*'
System info: os.name: 'Windows 11', os.arch: 'amd64', os.version: '10.0', java.version: '17.0.2'
Driver info: org.openqa.selenium.chrome.ChromeDriver
Command: [7af6e5b096d88cecff298ffd103166a7, findElement {value=//div[@class='Ekjuhf Jj6Lae'], using=xpath}]
Capabilities {acceptInsecureCerts: false, browserName: chrome, browserVersion: 120.0.6099.130, chrome: {chromedriverVersion: 120.0.6099.109 (3419140ab66..., userDataDir: C:\Windows\SystemTemp\scope...}, fedcm:accounts: true, goog:chromeOptions: {debuggerAddress: localhost:54456}, networkConnectionEnabled: false, pageLoadStrategy: normal, platformName: windows, proxy: Proxy(), se:cdp: ws://localhost:54456/devtoo..., se:cdpVersion: 120.0.6099.130, setWindowRect: true, strictFileInteractability: false, timeouts: {implicit: 0, pageLoad: 300000, script: 30000}, unhandledPromptBehavior: dismiss and notify, webauthn:extension:credBlob: true, webauthn:extension:largeBlob: true, webauthn:extension:minPinLength: true, webauthn:extension:prf: true, webauthn:virtualAuthenticators: true}
Session ID: 7af6e5b096d88cecff298ffd103166a7
at java.base/jdk.internal.reflect.NativeConstructorAccessorImpl.newInstance0(Native Method)
at java.base/jdk.internal.reflect.NativeConstructorAccessorImpl.newInstance(NativeConstructorAccessorImpl.java:77)
at java.base/jdk.internal.reflect.DelegatingConstructorAccessorImpl.newInstance(DelegatingConstructorAccessorImpl.java:45)
at java.base/java.lang.reflect.Constructor.newInstanceWithCaller(Constructor.java:499)
at java.base/java.lang.reflect.Constructor.newInstance(Constructor.java:480)
at org.openqa.selenium.remote.codec.w3c.W3CHttpResponseCodec.createException(W3CHttpResponseCodec.java:185)
at org.openqa.selenium.remote.codec.w3c.W3CHttpResponseCodec.decode(W3CHttpResponseCodec.java:134)
at org.openqa.selenium.remote.codec.w3c.W3CHttpResponseCodec.decode(W3CHttpResponseCodec.java:51)
at org.openqa.selenium.remote.HttpCommandExecutor.execute(HttpCommandExecutor.java:190)
at org.openqa.selenium.remote.service.DriverCommandExecutor.invokeExecute(DriverCommandExecutor.java:216)
at org.openqa.selenium.remote.service.DriverCommandExecutor.execute(DriverCommandExecutor.java:174)
at org.openqa.selenium.remote.RemoteWebDriver.execute(RemoteWebDriver.java:519)
at org.openqa.selenium.remote.ElementLocation$ElementFinder$2.findElement(ElementLocation.java:165)
at org.openqa.selenium.remote.ElementLocation.findElement(ElementLocation.java:59)
at org.openqa.selenium.remote.RemoteWebDriver.findElement(RemoteWebDriver.java:356)
at org.openqa.selenium.remote.RemoteWebDriver.findElement(RemoteWebDriver.java:350)
at org.openqa.selenium.support.pagefactory.DefaultElementLocator.findElement(DefaultElementLocator.java:68)
at org.openqa.selenium.support.pagefactory.internal.LocatingElementHandler.invoke(LocatingElementHandler.java:38)
at jdk.proxy2/jdk.proxy2.$Proxy12.getText(Unknown Source)
at PageObject.loginPage.errorCapture(loginPage.java:46)
at TestCase.TC_01_zigwheels.login(TC_01_zigwheels.java:145)
at java.base/jdk.internal.reflect.NativeMethodAccessorImpl.invoke0(Native Method)
at java.base/jdk.internal.reflect.NativeMethodAccessorImpl.invoke(NativeMethodAccessorImpl.java:77)
at java.base/jdk.internal.reflect.DelegatingMethodAccessorImpl.invoke(DelegatingMethodAccessorImpl.java:43)
at java.base/java.lang.reflect.Method.invoke(Method.java:568)
at org.testng.internal.invokers.MethodInvocationHelper.invokeMethod(MethodInvocationHelper.java:136)
at org.testng.internal.invokers.TestInvoker.invokeMethod(TestInvoker.java:658)
at org.testng.internal.invokers.TestInvoker.invokeTestMethod(TestInvoker.java:219)
at org.testng.internal.invokers.MethodRunner.runInSequence(MethodRunner.java:50)
at org.testng.internal.invokers.TestInvoker$MethodInvocationAgent.invoke(TestInvoker.java:923)
at org.testng.internal.invokers.TestInvoker.invokeTestMethods(TestInvoker.java:192)
at org.testng.internal.invokers.TestMethodWorker.invokeTestMethods(TestMethodWorker.java:146)
at org.testng.internal.invokers.TestMethodWorker.run(TestMethodWorker.java:128)
at java.base/java.util.ArrayList.forEach(ArrayList.java:1511)
at org.testng.TestRunner.privateRun(TestRunner.java:808)
at org.testng.TestRunner.run(TestRunner.java:603)
at org.testng.SuiteRunner.runTest(SuiteRunner.java:429)
at org.testng.SuiteRunner.runSequentially(SuiteRunner.java:423)
at org.testng.SuiteRunner.privateRun(SuiteRunner.java:383)
at org.testng.SuiteRunner.run(SuiteRunner.java:326)
at org.testng.SuiteRunnerWorker.runSuite(SuiteRunnerWorker.java:52)
at org.testng.SuiteRunnerWorker.run(SuiteRunnerWorker.java:95)
at org.testng.TestNG.runSuitesSequentially(TestNG.java:1249)
at org.testng.TestNG.runSuitesLocally(TestNG.java:1169)
at org.testng.TestNG.runSuites(TestNG.java:1092)
at org.testng.TestNG.run(TestNG.java:1060)
at org.apache.maven.surefire.testng.TestNGExecutor.run(TestNGExecutor.java:308)
at org.apache.maven.surefire.testng.TestNGXmlTestSuite.execute(TestNGXmlTestSuite.java:71)
at org.apache.maven.surefire.testng.TestNGProvider.invoke(TestNGProvider.java:113)
at org.apache.maven.surefire.booter.ForkedBooter.runSuitesInProcess(ForkedBooter.java:385)
at org.apache.maven.surefire.booter.ForkedBooter.execute(ForkedBooter.java:162)
at org.apache.maven.surefire.booter.ForkedBooter.run(ForkedBooter.java:507)
at org.apache.maven.surefire.booter.ForkedBooter.main(ForkedBooter.java:495)
]]>
            </full-stacktrace>
          </exception> <!-- org.openqa.selenium.NoSuchElementException -->
          <reporter-output>
          </reporter-output>
        </test-method> <!-- login -->
        <test-method is-config="true" signature="teardown()[pri:0, instance:TestCase.TC_01_zigwheels@15c43bd9]" started-at="2024-03-06T10:44:24 IST" name="teardown" finished-at="2024-03-06T10:44:26 IST" duration-ms="1580" status="PASS">
          <reporter-output>
          </reporter-output>
        </test-method> <!-- teardown -->
      </class> <!-- TestCase.TC_01_zigwheels -->
    </test> <!-- Chrome -->
    <test started-at="2024-03-06T10:44:27 IST" name="Edge" finished-at="2024-03-06T10:46:50 IST" duration-ms="143405">
      <class name="TestCase.TC_01_zigwheels">
        <test-method is-config="true" signature="setup(java.lang.String)[pri:0, instance:TestCase.TC_01_zigwheels@61862a7f]" started-at="2024-03-06T10:44:27 IST" name="setup" finished-at="2024-03-06T10:45:07 IST" duration-ms="40365" status="PASS">
          <params>
            <param index="0">
              <value>
                <![CDATA[Edge]]>
              </value>
            </param>
          </params>
          <reporter-output>
          </reporter-output>
        </test-method> <!-- setup -->
        <test-method signature="upcmgBikes()[pri:1, instance:TestCase.TC_01_zigwheels@61862a7f]" started-at="2024-03-06T10:45:07 IST" name="upcmgBikes" finished-at="2024-03-06T10:46:04 IST" duration-ms="57515" status="PASS">
          <reporter-output>
          </reporter-output>
        </test-method> <!-- upcmgBikes -->
        <test-method signature="newBikes()[pri:2, instance:TestCase.TC_01_zigwheels@61862a7f]" started-at="2024-03-06T10:46:04 IST" name="newBikes" finished-at="2024-03-06T10:46:27 IST" duration-ms="22905" status="PASS">
          <reporter-output>
          </reporter-output>
        </test-method> <!-- newBikes -->
        <test-method signature="usCkr()[pri:3, instance:TestCase.TC_01_zigwheels@61862a7f]" started-at="2024-03-06T10:46:27 IST" name="usCkr" finished-at="2024-03-06T10:46:39 IST" duration-ms="11812" status="PASS">
          <reporter-output>
          </reporter-output>
        </test-method> <!-- usCkr -->
        <test-method signature="upcomingCars()[pri:4, instance:TestCase.TC_01_zigwheels@61862a7f]" started-at="2024-03-06T10:46:39 IST" name="upcomingCars" finished-at="2024-03-06T10:46:42 IST" duration-ms="2556" status="PASS">
          <reporter-output>
          </reporter-output>
        </test-method> <!-- upcomingCars -->
        <test-method signature="lopkg()[pri:5, instance:TestCase.TC_01_zigwheels@61862a7f]" started-at="2024-03-06T10:46:42 IST" name="lopkg" finished-at="2024-03-06T10:46:44 IST" duration-ms="2131" status="PASS">
          <reporter-output>
          </reporter-output>
        </test-method> <!-- lopkg -->
        <test-method signature="login()[pri:6, instance:TestCase.TC_01_zigwheels@61862a7f]" started-at="2024-03-06T10:46:44 IST" name="login" finished-at="2024-03-06T10:46:48 IST" duration-ms="4537" status="PASS">
          <reporter-output>
          </reporter-output>
        </test-method> <!-- login -->
        <test-method is-config="true" signature="teardown()[pri:0, instance:TestCase.TC_01_zigwheels@61862a7f]" started-at="2024-03-06T10:46:48 IST" name="teardown" finished-at="2024-03-06T10:46:50 IST" duration-ms="1568" status="PASS">
          <reporter-output>
          </reporter-output>
        </test-method> <!-- teardown -->
      </class> <!-- TestCase.TC_01_zigwheels -->
    </test> <!-- Edge -->
  </suite> <!-- Suite -->
</testng-results>
