<?xml version="1.0" encoding="UTF-8"?>
<testng-results ignored="0" total="12" passed="12" failed="0" skipped="0">
  <reporter-output>
  </reporter-output>
  <suite started-at="2024-03-05T14:17:04 IST" name="Suite" finished-at="2024-03-05T14:19:26 IST" duration-ms="141572">
    <groups>
      <group name="regression">
        <method signature="TC_01_zigwheels.upcmgBikes()[pri:1, instance:TestCase.TC_01_zigwheels@15c43bd9]" name="upcmgBikes" class="TestCase.TC_01_zigwheels"/>
        <method signature="TC_01_zigwheels.newBikes()[pri:2, instance:TestCase.TC_01_zigwheels@15c43bd9]" name="newBikes" class="TestCase.TC_01_zigwheels"/>
        <method signature="TC_01_zigwheels.usCkr()[pri:3, instance:TestCase.TC_01_zigwheels@15c43bd9]" name="usCkr" class="TestCase.TC_01_zigwheels"/>
        <method signature="TC_01_zigwheels.upcomingCars()[pri:4, instance:TestCase.TC_01_zigwheels@15c43bd9]" name="upcomingCars" class="TestCase.TC_01_zigwheels"/>
        <method signature="TC_01_zigwheels.lopkg()[pri:5, instance:TestCase.TC_01_zigwheels@15c43bd9]" name="lopkg" class="TestCase.TC_01_zigwheels"/>
        <method signature="TC_01_zigwheels.login()[pri:6, instance:TestCase.TC_01_zigwheels@15c43bd9]" name="login" class="TestCase.TC_01_zigwheels"/>
        <method signature="TC_01_zigwheels.upcmgBikes()[pri:1, instance:TestCase.TC_01_zigwheels@61862a7f]" name="upcmgBikes" class="TestCase.TC_01_zigwheels"/>
        <method signature="TC_01_zigwheels.newBikes()[pri:2, instance:TestCase.TC_01_zigwheels@61862a7f]" name="newBikes" class="TestCase.TC_01_zigwheels"/>
        <method signature="TC_01_zigwheels.usCkr()[pri:3, instance:TestCase.TC_01_zigwheels@61862a7f]" name="usCkr" class="TestCase.TC_01_zigwheels"/>
        <method signature="TC_01_zigwheels.upcomingCars()[pri:4, instance:TestCase.TC_01_zigwheels@61862a7f]" name="upcomingCars" class="TestCase.TC_01_zigwheels"/>
        <method signature="TC_01_zigwheels.lopkg()[pri:5, instance:TestCase.TC_01_zigwheels@61862a7f]" name="lopkg" class="TestCase.TC_01_zigwheels"/>
        <method signature="TC_01_zigwheels.login()[pri:6, instance:TestCase.TC_01_zigwheels@61862a7f]" name="login" class="TestCase.TC_01_zigwheels"/>
      </group> <!-- regression -->
      <group name="smoke">
        <method signature="TC_01_zigwheels.upcmgBikes()[pri:1, instance:TestCase.TC_01_zigwheels@15c43bd9]" name="upcmgBikes" class="TestCase.TC_01_zigwheels"/>
        <method signature="TC_01_zigwheels.usCkr()[pri:3, instance:TestCase.TC_01_zigwheels@15c43bd9]" name="usCkr" class="TestCase.TC_01_zigwheels"/>
        <method signature="TC_01_zigwheels.lopkg()[pri:5, instance:TestCase.TC_01_zigwheels@15c43bd9]" name="lopkg" class="TestCase.TC_01_zigwheels"/>
        <method signature="TC_01_zigwheels.upcmgBikes()[pri:1, instance:TestCase.TC_01_zigwheels@61862a7f]" name="upcmgBikes" class="TestCase.TC_01_zigwheels"/>
        <method signature="TC_01_zigwheels.usCkr()[pri:3, instance:TestCase.TC_01_zigwheels@61862a7f]" name="usCkr" class="TestCase.TC_01_zigwheels"/>
        <method signature="TC_01_zigwheels.lopkg()[pri:5, instance:TestCase.TC_01_zigwheels@61862a7f]" name="lopkg" class="TestCase.TC_01_zigwheels"/>
      </group> <!-- smoke -->
      <group name="master">
        <method signature="TC_01_zigwheels.upcmgBikes()[pri:1, instance:TestCase.TC_01_zigwheels@15c43bd9]" name="upcmgBikes" class="TestCase.TC_01_zigwheels"/>
        <method signature="TC_01_zigwheels.newBikes()[pri:2, instance:TestCase.TC_01_zigwheels@15c43bd9]" name="newBikes" class="TestCase.TC_01_zigwheels"/>
        <method signature="TC_01_zigwheels.usCkr()[pri:3, instance:TestCase.TC_01_zigwheels@15c43bd9]" name="usCkr" class="TestCase.TC_01_zigwheels"/>
        <method signature="TC_01_zigwheels.upcomingCars()[pri:4, instance:TestCase.TC_01_zigwheels@15c43bd9]" name="upcomingCars" class="TestCase.TC_01_zigwheels"/>
        <method signature="TC_01_zigwheels.lopkg()[pri:5, instance:TestCase.TC_01_zigwheels@15c43bd9]" name="lopkg" class="TestCase.TC_01_zigwheels"/>
        <method signature="TC_01_zigwheels.login()[pri:6, instance:TestCase.TC_01_zigwheels@15c43bd9]" name="login" class="TestCase.TC_01_zigwheels"/>
        <method signature="TC_01_zigwheels.upcmgBikes()[pri:1, instance:TestCase.TC_01_zigwheels@61862a7f]" name="upcmgBikes" class="TestCase.TC_01_zigwheels"/>
        <method signature="TC_01_zigwheels.newBikes()[pri:2, instance:TestCase.TC_01_zigwheels@61862a7f]" name="newBikes" class="TestCase.TC_01_zigwheels"/>
        <method signature="TC_01_zigwheels.usCkr()[pri:3, instance:TestCase.TC_01_zigwheels@61862a7f]" name="usCkr" class="TestCase.TC_01_zigwheels"/>
        <method signature="TC_01_zigwheels.upcomingCars()[pri:4, instance:TestCase.TC_01_zigwheels@61862a7f]" name="upcomingCars" class="TestCase.TC_01_zigwheels"/>
        <method signature="TC_01_zigwheels.lopkg()[pri:5, instance:TestCase.TC_01_zigwheels@61862a7f]" name="lopkg" class="TestCase.TC_01_zigwheels"/>
        <method signature="TC_01_zigwheels.login()[pri:6, instance:TestCase.TC_01_zigwheels@61862a7f]" name="login" class="TestCase.TC_01_zigwheels"/>
      </group> <!-- master -->
    </groups>
    <test started-at="2024-03-05T14:17:04 IST" name="Chrome" finished-at="2024-03-05T14:18:46 IST" duration-ms="101528">
      <class name="TestCase.TC_01_zigwheels">
        <test-method is-config="true" signature="setup(java.lang.String)[pri:0, instance:TestCase.TC_01_zigwheels@15c43bd9]" started-at="2024-03-05T14:17:05 IST" name="setup" finished-at="2024-03-05T14:17:35 IST" duration-ms="30458" status="PASS">
          <params>
            <param index="0">
              <value>
                <![CDATA[Chrome]]>
              </value>
            </param>
          </params>
          <reporter-output>
          </reporter-output>
        </test-method> <!-- setup -->
        <test-method signature="upcmgBikes()[pri:1, instance:TestCase.TC_01_zigwheels@15c43bd9]" started-at="2024-03-05T14:17:35 IST" name="upcmgBikes" finished-at="2024-03-05T14:18:06 IST" duration-ms="30661" status="PASS">
          <reporter-output>
          </reporter-output>
        </test-method> <!-- upcmgBikes -->
        <test-method signature="newBikes()[pri:2, instance:TestCase.TC_01_zigwheels@15c43bd9]" started-at="2024-03-05T14:18:06 IST" name="newBikes" finished-at="2024-03-05T14:18:27 IST" duration-ms="20913" status="PASS">
          <reporter-output>
          </reporter-output>
        </test-method> <!-- newBikes -->
        <test-method signature="usCkr()[pri:3, instance:TestCase.TC_01_zigwheels@15c43bd9]" started-at="2024-03-05T14:18:27 IST" name="usCkr" finished-at="2024-03-05T14:18:34 IST" duration-ms="7105" status="PASS">
          <reporter-output>
          </reporter-output>
        </test-method> <!-- usCkr -->
        <test-method signature="upcomingCars()[pri:4, instance:TestCase.TC_01_zigwheels@15c43bd9]" started-at="2024-03-05T14:18:34 IST" name="upcomingCars" finished-at="2024-03-05T14:18:36 IST" duration-ms="2249" status="PASS">
          <reporter-output>
          </reporter-output>
        </test-method> <!-- upcomingCars -->
        <test-method signature="lopkg()[pri:5, instance:TestCase.TC_01_zigwheels@15c43bd9]" started-at="2024-03-05T14:18:36 IST" name="lopkg" finished-at="2024-03-05T14:18:38 IST" duration-ms="1883" status="PASS">
          <reporter-output>
          </reporter-output>
        </test-method> <!-- lopkg -->
        <test-method signature="login()[pri:6, instance:TestCase.TC_01_zigwheels@15c43bd9]" started-at="2024-03-05T14:18:38 IST" name="login" finished-at="2024-03-05T14:18:45 IST" duration-ms="6701" status="PASS">
          <reporter-output>
          </reporter-output>
        </test-method> <!-- login -->
        <test-method is-config="true" signature="teardown()[pri:0, instance:TestCase.TC_01_zigwheels@15c43bd9]" started-at="2024-03-05T14:18:45 IST" name="teardown" finished-at="2024-03-05T14:18:46 IST" duration-ms="1144" status="PASS">
          <reporter-output>
          </reporter-output>
        </test-method> <!-- teardown -->
      </class> <!-- TestCase.TC_01_zigwheels -->
    </test> <!-- Chrome -->
    <test started-at="2024-03-05T14:18:46 IST" name="Edge" finished-at="2024-03-05T14:19:26 IST" duration-ms="39605">
      <class name="TestCase.TC_01_zigwheels">
        <test-method is-config="true" signature="setup(java.lang.String)[pri:0, instance:TestCase.TC_01_zigwheels@61862a7f]" started-at="2024-03-05T14:18:46 IST" name="setup" finished-at="2024-03-05T14:19:04 IST" duration-ms="17513" status="PASS">
          <params>
            <param index="0">
              <value>
                <![CDATA[Edge]]>
              </value>
            </param>
          </params>
          <reporter-output>
          </reporter-output>
        </test-method> <!-- setup -->
        <test-method signature="upcmgBikes()[pri:1, instance:TestCase.TC_01_zigwheels@61862a7f]" started-at="2024-03-05T14:19:04 IST" name="upcmgBikes" finished-at="2024-03-05T14:19:07 IST" duration-ms="3486" status="PASS">
          <reporter-output>
          </reporter-output>
        </test-method> <!-- upcmgBikes -->
        <test-method signature="newBikes()[pri:2, instance:TestCase.TC_01_zigwheels@61862a7f]" started-at="2024-03-05T14:19:07 IST" name="newBikes" finished-at="2024-03-05T14:19:12 IST" duration-ms="4537" status="PASS">
          <reporter-output>
          </reporter-output>
        </test-method> <!-- newBikes -->
        <test-method signature="usCkr()[pri:3, instance:TestCase.TC_01_zigwheels@61862a7f]" started-at="2024-03-05T14:19:12 IST" name="usCkr" finished-at="2024-03-05T14:19:17 IST" duration-ms="4873" status="PASS">
          <reporter-output>
          </reporter-output>
        </test-method> <!-- usCkr -->
        <test-method signature="upcomingCars()[pri:4, instance:TestCase.TC_01_zigwheels@61862a7f]" started-at="2024-03-05T14:19:17 IST" name="upcomingCars" finished-at="2024-03-05T14:19:18 IST" duration-ms="1758" status="PASS">
          <reporter-output>
          </reporter-output>
        </test-method> <!-- upcomingCars -->
        <test-method signature="lopkg()[pri:5, instance:TestCase.TC_01_zigwheels@61862a7f]" started-at="2024-03-05T14:19:18 IST" name="lopkg" finished-at="2024-03-05T14:19:22 IST" duration-ms="3634" status="PASS">
          <reporter-output>
          </reporter-output>
        </test-method> <!-- lopkg -->
        <test-method signature="login()[pri:6, instance:TestCase.TC_01_zigwheels@61862a7f]" started-at="2024-03-05T14:19:22 IST" name="login" finished-at="2024-03-05T14:19:24 IST" duration-ms="2576" status="PASS">
          <reporter-output>
          </reporter-output>
        </test-method> <!-- login -->
        <test-method is-config="true" signature="teardown()[pri:0, instance:TestCase.TC_01_zigwheels@61862a7f]" started-at="2024-03-05T14:19:24 IST" name="teardown" finished-at="2024-03-05T14:19:26 IST" duration-ms="1211" status="PASS">
          <reporter-output>
          </reporter-output>
        </test-method> <!-- teardown -->
      </class> <!-- TestCase.TC_01_zigwheels -->
    </test> <!-- Edge -->
  </suite> <!-- Suite -->
</testng-results>
