<?xml version="1.0" encoding="UTF-8"?>
<testsuite xmlns:xsi="http://www.w3.org/2001/XMLSchema-instance" xsi:noNamespaceSchemaLocation="https://maven.apache.org/surefire/maven-surefire-plugin/xsd/surefire-test-report-3.0.xsd" version="3.0" name="TestSuite" time="234.233" tests="12" errors="0" skipped="0" failures="1">
  <properties>
[...]
</properties>
  <testcase name="upcmgBikes" classname="TestCase.TC_01_zigwheels" time="5.58">
    <system-out><![CDATA[[TestNGContentHandler] [WARN] It is strongly recommended to add "<!DOCTYPE suite SYSTEM "https://testng.org/testng-1.0.dtd" >" at the top of the suite file [C:\Users\2303650\eclipse-workspace\NewBikes\testng.xml] otherwise TestNG may fail or not work as expected.
[Configuration] [WARN] Detected a static method [TestBase.BaseClass.setup()]. Static configuration methods can cause  unexpected behavior.
[Configuration] [WARN] Detected a static method [TestBase.BaseClass.setup()]. Static configuration methods can cause  unexpected behavior.
Chrome is Launched.
ScreenShot Captured Successfully
]]></system-out>
  </testcase>
  <testcase name="upcmgBikes" classname="TestCase.TC_01_zigwheels" time="57.515">
    <system-out><![CDATA[Browser Closed Successfully
Edge is Launched
ScreenShot Captured Successfully
]]></system-out>
    <system-err><![CDATA[Mar 06, 2024 10:44:31 AM org.openqa.selenium.devtools.CdpVersionFinder findNearestMatch
WARNING: Unable to find an exact match for CDP version 122, returning the closest version; found: 121; Please update to a Selenium version that supports CDP version 122
]]></system-err>
  </testcase>
  <testcase name="newBikes" classname="TestCase.TC_01_zigwheels" time="9.568">
    <system-out><![CDATA[ScreenShot Captured Successfully
Honda CRF300L  ---  Rs. 3.30 Lakh  ---  Expected Launch Date : 30 Mar 2024
Honda Forza 350  ---  Rs. 3.70 Lakh  ---  Expected Launch : Mar 2024
Honda Activa 7G  ---  Rs. 79,000  ---  Expected Launch : Apr 2024
Honda PCX160  ---  Rs. 1.20 Lakh  ---  Expected Launch : Jun 2024
Honda Activa Electric  ---  Rs. 1.10 Lakh  ---  Expected Launch : Jun 2024
Honda CB350 Cruiser  ---  Rs. 2.30 Lakh  ---  Expected Launch : Nov 2024
Honda CBR150R  ---  Rs. 1.70 Lakh  ---  Expected Launch : Unrevealed
Honda Rebel 300  ---  Rs. 2.30 Lakh  ---  Expected Launch : Unrevealed
=======================
]]></system-out>
    <system-err><![CDATA[ERROR StatusLogger Log4j2 could not find a logging implementation. Please add log4j-core to the classpath. Using SimpleLogger to log to the console...
]]></system-err>
  </testcase>
  <testcase name="newBikes" classname="TestCase.TC_01_zigwheels" time="22.905">
    <system-out><![CDATA[ScreenShot Captured Successfully
Honda CRF300L  ---  Rs. 3.30 Lakh  ---  Expected Launch Date : 30 Mar 2024
Honda Forza 350  ---  Rs. 3.70 Lakh  ---  Expected Launch : Mar 2024
Honda Activa 7G  ---  Rs. 79,000  ---  Expected Launch : Apr 2024
Honda PCX160  ---  Rs. 1.20 Lakh  ---  Expected Launch : Jun 2024
Honda Activa Electric  ---  Rs. 1.10 Lakh  ---  Expected Launch : Jun 2024
Honda CB350 Cruiser  ---  Rs. 2.30 Lakh  ---  Expected Launch : Nov 2024
Honda CBR150R  ---  Rs. 1.70 Lakh  ---  Expected Launch : Unrevealed
Honda Rebel 300  ---  Rs. 2.30 Lakh  ---  Expected Launch : Unrevealed
=======================
]]></system-out>
  </testcase>
  <testcase name="usCkr" classname="TestCase.TC_01_zigwheels" time="7.774">
    <system-out><![CDATA[ScreenShot Captured Successfully
]]></system-out>
  </testcase>
  <testcase name="usCkr" classname="TestCase.TC_01_zigwheels" time="11.813">
    <system-out><![CDATA[ScreenShot Captured Successfully
]]></system-out>
  </testcase>
  <testcase name="upcomingCars" classname="TestCase.TC_01_zigwheels" time="2.8">
    <system-out><![CDATA[[Maruti 800, Maruti Swift Dzire, Maruti Swift, Hyundai I10, Hyundai Santro Xing, Honda City, Toyota Innova, Toyota Fortuner, Mahindra XUV500]

=======================
]]></system-out>
  </testcase>
  <testcase name="upcomingCars" classname="TestCase.TC_01_zigwheels" time="2.555">
    <system-out><![CDATA[[Maruti 800, Maruti Swift Dzire, Maruti Swift, Hyundai I10, Hyundai Santro Xing, Honda City, Toyota Innova, Toyota Fortuner, Mahindra XUV500]

=======================
]]></system-out>
  </testcase>
  <testcase name="lopkg" classname="TestCase.TC_01_zigwheels" time="3.06">
    <system-out><![CDATA[ScreenShot Captured Successfully
]]></system-out>
  </testcase>
  <testcase name="lopkg" classname="TestCase.TC_01_zigwheels" time="2.134">
    <system-out><![CDATA[ScreenShot Captured Successfully
]]></system-out>
  </testcase>
  <testcase name="login" classname="TestCase.TC_01_zigwheels" time="35.172">
    <failure message="no such element: Unable to locate element: {&quot;method&quot;:&quot;xpath&quot;,&quot;selector&quot;:&quot;//div[@class=&apos;Ekjuhf Jj6Lae&apos;]&quot;}&#10;  (Session info: chrome=120.0.6099.130)&#10;For documentation on this error, please visit: https://www.selenium.dev/documentation/webdriver/troubleshooting/errors#no-such-element-exception&#10;Build info: version: &apos;4.17.0&apos;, revision: &apos;e52b1be057*&apos;&#10;System info: os.name: &apos;Windows 11&apos;, os.arch: &apos;amd64&apos;, os.version: &apos;10.0&apos;, java.version: &apos;17.0.2&apos;&#10;Driver info: org.openqa.selenium.chrome.ChromeDriver&#10;Command: [7af6e5b096d88cecff298ffd103166a7, findElement {value=//div[@class=&apos;Ekjuhf Jj6Lae&apos;], using=xpath}]&#10;Capabilities {acceptInsecureCerts: false, browserName: chrome, browserVersion: 120.0.6099.130, chrome: {chromedriverVersion: 120.0.6099.109 (3419140ab66..., userDataDir: C:\Windows\SystemTemp\scope...}, fedcm:accounts: true, goog:chromeOptions: {debuggerAddress: localhost:54456}, networkConnectionEnabled: false, pageLoadStrategy: normal, platformName: windows, proxy: Proxy(), se:cdp: ws://localhost:54456/devtoo..., se:cdpVersion: 120.0.6099.130, setWindowRect: true, strictFileInteractability: false, timeouts: {implicit: 0, pageLoad: 300000, script: 30000}, unhandledPromptBehavior: dismiss and notify, webauthn:extension:credBlob: true, webauthn:extension:largeBlob: true, webauthn:extension:minPinLength: true, webauthn:extension:prf: true, webauthn:virtualAuthenticators: true}&#10;Session ID: 7af6e5b096d88cecff298ffd103166a7" type="org.openqa.selenium.NoSuchElementException"><![CDATA[org.openqa.selenium.NoSuchElementException: 
no such element: Unable to locate element: {"method":"xpath","selector":"//div[@class='Ekjuhf Jj6Lae']"}
  (Session info: chrome=120.0.6099.130)
For documentation on this error, please visit: https://www.selenium.dev/documentation/webdriver/troubleshooting/errors#no-such-element-exception
Build info: version: '4.17.0', revision: 'e52b1be057*'
System info: os.name: 'Windows 11', os.arch: 'amd64', os.version: '10.0', java.version: '17.0.2'
Driver info: org.openqa.selenium.chrome.ChromeDriver
Command: [7af6e5b096d88cecff298ffd103166a7, findElement {value=//div[@class='Ekjuhf Jj6Lae'], using=xpath}]
Capabilities {acceptInsecureCerts: false, browserName: chrome, browserVersion: 120.0.6099.130, chrome: {chromedriverVersion: 120.0.6099.109 (3419140ab66..., userDataDir: C:\Windows\SystemTemp\scope...}, fedcm:accounts: true, goog:chromeOptions: {debuggerAddress: localhost:54456}, networkConnectionEnabled: false, pageLoadStrategy: normal, platformName: windows, proxy: Proxy(), se:cdp: ws://localhost:54456/devtoo..., se:cdpVersion: 120.0.6099.130, setWindowRect: true, strictFileInteractability: false, timeouts: {implicit: 0, pageLoad: 300000, script: 30000}, unhandledPromptBehavior: dismiss and notify, webauthn:extension:credBlob: true, webauthn:extension:largeBlob: true, webauthn:extension:minPinLength: true, webauthn:extension:prf: true, webauthn:virtualAuthenticators: true}
Session ID: 7af6e5b096d88cecff298ffd103166a7
	at java.base/jdk.internal.reflect.NativeConstructorAccessorImpl.newInstance0(Native Method)
	at java.base/jdk.internal.reflect.NativeConstructorAccessorImpl.newInstance(NativeConstructorAccessorImpl.java:77)
	at java.base/jdk.internal.reflect.DelegatingConstructorAccessorImpl.newInstance(DelegatingConstructorAccessorImpl.java:45)
	at java.base/java.lang.reflect.Constructor.newInstanceWithCaller(Constructor.java:499)
	at java.base/java.lang.reflect.Constructor.newInstance(Constructor.java:480)
	at org.openqa.selenium.remote.codec.w3c.W3CHttpResponseCodec.createException(W3CHttpResponseCodec.java:185)
	at org.openqa.selenium.remote.codec.w3c.W3CHttpResponseCodec.decode(W3CHttpResponseCodec.java:134)
	at org.openqa.selenium.remote.codec.w3c.W3CHttpResponseCodec.decode(W3CHttpResponseCodec.java:51)
	at org.openqa.selenium.remote.HttpCommandExecutor.execute(HttpCommandExecutor.java:190)
	at org.openqa.selenium.remote.service.DriverCommandExecutor.invokeExecute(DriverCommandExecutor.java:216)
	at org.openqa.selenium.remote.service.DriverCommandExecutor.execute(DriverCommandExecutor.java:174)
	at org.openqa.selenium.remote.RemoteWebDriver.execute(RemoteWebDriver.java:519)
	at org.openqa.selenium.remote.ElementLocation$ElementFinder$2.findElement(ElementLocation.java:165)
	at org.openqa.selenium.remote.ElementLocation.findElement(ElementLocation.java:59)
	at org.openqa.selenium.remote.RemoteWebDriver.findElement(RemoteWebDriver.java:356)
	at org.openqa.selenium.remote.RemoteWebDriver.findElement(RemoteWebDriver.java:350)
	at org.openqa.selenium.support.pagefactory.DefaultElementLocator.findElement(DefaultElementLocator.java:68)
	at org.openqa.selenium.support.pagefactory.internal.LocatingElementHandler.invoke(LocatingElementHandler.java:38)
	at jdk.proxy2/jdk.proxy2.$Proxy12.getText(Unknown Source)
	at PageObject.loginPage.errorCapture(loginPage.java:46)
	at TestCase.TC_01_zigwheels.login(TC_01_zigwheels.java:145)
	at java.base/jdk.internal.reflect.NativeMethodAccessorImpl.invoke0(Native Method)
	at java.base/jdk.internal.reflect.NativeMethodAccessorImpl.invoke(NativeMethodAccessorImpl.java:77)
	at java.base/jdk.internal.reflect.DelegatingMethodAccessorImpl.invoke(DelegatingMethodAccessorImpl.java:43)
	at java.base/java.lang.reflect.Method.invoke(Method.java:568)
	at org.testng.internal.invokers.MethodInvocationHelper.invokeMethod(MethodInvocationHelper.java:136)
	at org.testng.internal.invokers.TestInvoker.invokeMethod(TestInvoker.java:658)
	at org.testng.internal.invokers.TestInvoker.invokeTestMethod(TestInvoker.java:219)
	at org.testng.internal.invokers.MethodRunner.runInSequence(MethodRunner.java:50)
	at org.testng.internal.invokers.TestInvoker$MethodInvocationAgent.invoke(TestInvoker.java:923)
	at org.testng.internal.invokers.TestInvoker.invokeTestMethods(TestInvoker.java:192)
	at org.testng.internal.invokers.TestMethodWorker.invokeTestMethods(TestMethodWorker.java:146)
	at org.testng.internal.invokers.TestMethodWorker.run(TestMethodWorker.java:128)
	at java.base/java.util.ArrayList.forEach(ArrayList.java:1511)
	at org.testng.TestRunner.privateRun(TestRunner.java:808)
	at org.testng.TestRunner.run(TestRunner.java:603)
	at org.testng.SuiteRunner.runTest(SuiteRunner.java:429)
	at org.testng.SuiteRunner.runSequentially(SuiteRunner.java:423)
	at org.testng.SuiteRunner.privateRun(SuiteRunner.java:383)
	at org.testng.SuiteRunner.run(SuiteRunner.java:326)
	at org.testng.SuiteRunnerWorker.runSuite(SuiteRunnerWorker.java:52)
	at org.testng.SuiteRunnerWorker.run(SuiteRunnerWorker.java:95)
	at org.testng.TestNG.runSuitesSequentially(TestNG.java:1249)
	at org.testng.TestNG.runSuitesLocally(TestNG.java:1169)
	at org.testng.TestNG.runSuites(TestNG.java:1092)
	at org.testng.TestNG.run(TestNG.java:1060)
	at org.apache.maven.surefire.testng.TestNGExecutor.run(TestNGExecutor.java:308)
	at org.apache.maven.surefire.testng.TestNGXmlTestSuite.execute(TestNGXmlTestSuite.java:71)
	at org.apache.maven.surefire.testng.TestNGProvider.invoke(TestNGProvider.java:113)
	at org.apache.maven.surefire.booter.ForkedBooter.runSuitesInProcess(ForkedBooter.java:385)
	at org.apache.maven.surefire.booter.ForkedBooter.execute(ForkedBooter.java:162)
	at org.apache.maven.surefire.booter.ForkedBooter.run(ForkedBooter.java:507)
	at org.apache.maven.surefire.booter.ForkedBooter.main(ForkedBooter.java:495)
]]></failure>
  </testcase>
  <testcase name="login" classname="TestCase.TC_01_zigwheels" time="4.536">
    <system-out><![CDATA[Couldn’t find your Google Account
Error Captured Sucessfully
ScreenShot Captured Successfully
]]></system-out>
  </testcase>
</testsuite>