<?xml version="1.0" encoding="UTF-8"?>
<testng-results ignored="0" total="12" passed="12" failed="0" skipped="0">
  <reporter-output>
  </reporter-output>
  <suite started-at="2024-03-06T15:25:12 IST" name="Suite" finished-at="2024-03-06T15:26:32 IST" duration-ms="80371">
    <groups>
      <group name="regression">
        <method signature="TC_01_zigwheels.upcmgBikes()[pri:1, instance:TestCase.TC_01_zigwheels@409bf450]" name="upcmgBikes" class="TestCase.TC_01_zigwheels"/>
        <method signature="TC_01_zigwheels.newBikes()[pri:2, instance:TestCase.TC_01_zigwheels@409bf450]" name="newBikes" class="TestCase.TC_01_zigwheels"/>
        <method signature="TC_01_zigwheels.usCkr()[pri:3, instance:TestCase.TC_01_zigwheels@409bf450]" name="usCkr" class="TestCase.TC_01_zigwheels"/>
        <method signature="TC_01_zigwheels.upcomingCars()[pri:4, instance:TestCase.TC_01_zigwheels@409bf450]" name="upcomingCars" class="TestCase.TC_01_zigwheels"/>
        <method signature="TC_01_zigwheels.lopkg()[pri:5, instance:TestCase.TC_01_zigwheels@409bf450]" name="lopkg" class="TestCase.TC_01_zigwheels"/>
        <method signature="TC_01_zigwheels.login()[pri:6, instance:TestCase.TC_01_zigwheels@409bf450]" name="login" class="TestCase.TC_01_zigwheels"/>
        <method signature="TC_01_zigwheels.upcmgBikes()[pri:1, instance:TestCase.TC_01_zigwheels@175c2241]" name="upcmgBikes" class="TestCase.TC_01_zigwheels"/>
        <method signature="TC_01_zigwheels.newBikes()[pri:2, instance:TestCase.TC_01_zigwheels@175c2241]" name="newBikes" class="TestCase.TC_01_zigwheels"/>
        <method signature="TC_01_zigwheels.usCkr()[pri:3, instance:TestCase.TC_01_zigwheels@175c2241]" name="usCkr" class="TestCase.TC_01_zigwheels"/>
        <method signature="TC_01_zigwheels.upcomingCars()[pri:4, instance:TestCase.TC_01_zigwheels@175c2241]" name="upcomingCars" class="TestCase.TC_01_zigwheels"/>
        <method signature="TC_01_zigwheels.lopkg()[pri:5, instance:TestCase.TC_01_zigwheels@175c2241]" name="lopkg" class="TestCase.TC_01_zigwheels"/>
        <method signature="TC_01_zigwheels.login()[pri:6, instance:TestCase.TC_01_zigwheels@175c2241]" name="login" class="TestCase.TC_01_zigwheels"/>
      </group> <!-- regression -->
      <group name="smoke">
        <method signature="TC_01_zigwheels.upcmgBikes()[pri:1, instance:TestCase.TC_01_zigwheels@409bf450]" name="upcmgBikes" class="TestCase.TC_01_zigwheels"/>
        <method signature="TC_01_zigwheels.usCkr()[pri:3, instance:TestCase.TC_01_zigwheels@409bf450]" name="usCkr" class="TestCase.TC_01_zigwheels"/>
        <method signature="TC_01_zigwheels.lopkg()[pri:5, instance:TestCase.TC_01_zigwheels@409bf450]" name="lopkg" class="TestCase.TC_01_zigwheels"/>
        <method signature="TC_01_zigwheels.upcmgBikes()[pri:1, instance:TestCase.TC_01_zigwheels@175c2241]" name="upcmgBikes" class="TestCase.TC_01_zigwheels"/>
        <method signature="TC_01_zigwheels.usCkr()[pri:3, instance:TestCase.TC_01_zigwheels@175c2241]" name="usCkr" class="TestCase.TC_01_zigwheels"/>
        <method signature="TC_01_zigwheels.lopkg()[pri:5, instance:TestCase.TC_01_zigwheels@175c2241]" name="lopkg" class="TestCase.TC_01_zigwheels"/>
      </group> <!-- smoke -->
      <group name="master">
        <method signature="TC_01_zigwheels.upcmgBikes()[pri:1, instance:TestCase.TC_01_zigwheels@409bf450]" name="upcmgBikes" class="TestCase.TC_01_zigwheels"/>
        <method signature="TC_01_zigwheels.newBikes()[pri:2, instance:TestCase.TC_01_zigwheels@409bf450]" name="newBikes" class="TestCase.TC_01_zigwheels"/>
        <method signature="TC_01_zigwheels.usCkr()[pri:3, instance:TestCase.TC_01_zigwheels@409bf450]" name="usCkr" class="TestCase.TC_01_zigwheels"/>
        <method signature="TC_01_zigwheels.upcomingCars()[pri:4, instance:TestCase.TC_01_zigwheels@409bf450]" name="upcomingCars" class="TestCase.TC_01_zigwheels"/>
        <method signature="TC_01_zigwheels.lopkg()[pri:5, instance:TestCase.TC_01_zigwheels@409bf450]" name="lopkg" class="TestCase.TC_01_zigwheels"/>
        <method signature="TC_01_zigwheels.login()[pri:6, instance:TestCase.TC_01_zigwheels@409bf450]" name="login" class="TestCase.TC_01_zigwheels"/>
        <method signature="TC_01_zigwheels.upcmgBikes()[pri:1, instance:TestCase.TC_01_zigwheels@175c2241]" name="upcmgBikes" class="TestCase.TC_01_zigwheels"/>
        <method signature="TC_01_zigwheels.newBikes()[pri:2, instance:TestCase.TC_01_zigwheels@175c2241]" name="newBikes" class="TestCase.TC_01_zigwheels"/>
        <method signature="TC_01_zigwheels.usCkr()[pri:3, instance:TestCase.TC_01_zigwheels@175c2241]" name="usCkr" class="TestCase.TC_01_zigwheels"/>
        <method signature="TC_01_zigwheels.upcomingCars()[pri:4, instance:TestCase.TC_01_zigwheels@175c2241]" name="upcomingCars" class="TestCase.TC_01_zigwheels"/>
        <method signature="TC_01_zigwheels.lopkg()[pri:5, instance:TestCase.TC_01_zigwheels@175c2241]" name="lopkg" class="TestCase.TC_01_zigwheels"/>
        <method signature="TC_01_zigwheels.login()[pri:6, instance:TestCase.TC_01_zigwheels@175c2241]" name="login" class="TestCase.TC_01_zigwheels"/>
      </group> <!-- master -->
    </groups>
    <test started-at="2024-03-06T15:25:12 IST" name="Chrome" finished-at="2024-03-06T15:25:53 IST" duration-ms="41521">
      <class name="TestCase.TC_01_zigwheels">
        <test-method is-config="true" signature="setup(java.lang.String)[pri:0, instance:TestCase.TC_01_zigwheels@409bf450]" started-at="2024-03-06T15:25:12 IST" name="setup" finished-at="2024-03-06T15:25:32 IST" duration-ms="19744" status="PASS">
          <params>
            <param index="0">
              <value>
                <![CDATA[Chrome]]>
              </value>
            </param>
          </params>
          <reporter-output>
          </reporter-output>
        </test-method> <!-- setup -->
        <test-method signature="upcmgBikes()[pri:1, instance:TestCase.TC_01_zigwheels@409bf450]" started-at="2024-03-06T15:25:32 IST" name="upcmgBikes" finished-at="2024-03-06T15:25:35 IST" duration-ms="3336" status="PASS">
          <reporter-output>
          </reporter-output>
        </test-method> <!-- upcmgBikes -->
        <test-method signature="newBikes()[pri:2, instance:TestCase.TC_01_zigwheels@409bf450]" started-at="2024-03-06T15:25:35 IST" name="newBikes" finished-at="2024-03-06T15:25:41 IST" duration-ms="5536" status="PASS">
          <reporter-output>
          </reporter-output>
        </test-method> <!-- newBikes -->
        <test-method signature="usCkr()[pri:3, instance:TestCase.TC_01_zigwheels@409bf450]" started-at="2024-03-06T15:25:41 IST" name="usCkr" finished-at="2024-03-06T15:25:45 IST" duration-ms="4419" status="PASS">
          <reporter-output>
          </reporter-output>
        </test-method> <!-- usCkr -->
        <test-method signature="upcomingCars()[pri:4, instance:TestCase.TC_01_zigwheels@409bf450]" started-at="2024-03-06T15:25:45 IST" name="upcomingCars" finished-at="2024-03-06T15:25:47 IST" duration-ms="1629" status="PASS">
          <reporter-output>
          </reporter-output>
        </test-method> <!-- upcomingCars -->
        <test-method signature="lopkg()[pri:5, instance:TestCase.TC_01_zigwheels@409bf450]" started-at="2024-03-06T15:25:47 IST" name="lopkg" finished-at="2024-03-06T15:25:50 IST" duration-ms="2668" status="PASS">
          <reporter-output>
          </reporter-output>
        </test-method> <!-- lopkg -->
        <test-method signature="login()[pri:6, instance:TestCase.TC_01_zigwheels@409bf450]" started-at="2024-03-06T15:25:50 IST" name="login" finished-at="2024-03-06T15:25:52 IST" duration-ms="2662" status="PASS">
          <reporter-output>
          </reporter-output>
        </test-method> <!-- login -->
        <test-method is-config="true" signature="teardown()[pri:0, instance:TestCase.TC_01_zigwheels@409bf450]" started-at="2024-03-06T15:25:52 IST" name="teardown" finished-at="2024-03-06T15:25:53 IST" duration-ms="1166" status="PASS">
          <reporter-output>
          </reporter-output>
        </test-method> <!-- teardown -->
      </class> <!-- TestCase.TC_01_zigwheels -->
    </test> <!-- Chrome -->
    <test started-at="2024-03-06T15:25:54 IST" name="Edge" finished-at="2024-03-06T15:26:32 IST" duration-ms="38492">
      <class name="TestCase.TC_01_zigwheels">
        <test-method is-config="true" signature="setup(java.lang.String)[pri:0, instance:TestCase.TC_01_zigwheels@175c2241]" started-at="2024-03-06T15:25:54 IST" name="setup" finished-at="2024-03-06T15:26:11 IST" duration-ms="17412" status="PASS">
          <params>
            <param index="0">
              <value>
                <![CDATA[Edge]]>
              </value>
            </param>
          </params>
          <reporter-output>
          </reporter-output>
        </test-method> <!-- setup -->
        <test-method signature="upcmgBikes()[pri:1, instance:TestCase.TC_01_zigwheels@175c2241]" started-at="2024-03-06T15:26:11 IST" name="upcmgBikes" finished-at="2024-03-06T15:26:16 IST" duration-ms="4888" status="PASS">
          <reporter-output>
          </reporter-output>
        </test-method> <!-- upcmgBikes -->
        <test-method signature="newBikes()[pri:2, instance:TestCase.TC_01_zigwheels@175c2241]" started-at="2024-03-06T15:26:16 IST" name="newBikes" finished-at="2024-03-06T15:26:20 IST" duration-ms="3694" status="PASS">
          <reporter-output>
          </reporter-output>
        </test-method> <!-- newBikes -->
        <test-method signature="usCkr()[pri:3, instance:TestCase.TC_01_zigwheels@175c2241]" started-at="2024-03-06T15:26:20 IST" name="usCkr" finished-at="2024-03-06T15:26:24 IST" duration-ms="4089" status="PASS">
          <reporter-output>
          </reporter-output>
        </test-method> <!-- usCkr -->
        <test-method signature="upcomingCars()[pri:4, instance:TestCase.TC_01_zigwheels@175c2241]" started-at="2024-03-06T15:26:24 IST" name="upcomingCars" finished-at="2024-03-06T15:26:26 IST" duration-ms="2123" status="PASS">
          <reporter-output>
          </reporter-output>
        </test-method> <!-- upcomingCars -->
        <test-method signature="lopkg()[pri:5, instance:TestCase.TC_01_zigwheels@175c2241]" started-at="2024-03-06T15:26:26 IST" name="lopkg" finished-at="2024-03-06T15:26:28 IST" duration-ms="1919" status="PASS">
          <reporter-output>
          </reporter-output>
        </test-method> <!-- lopkg -->
        <test-method signature="login()[pri:6, instance:TestCase.TC_01_zigwheels@175c2241]" started-at="2024-03-06T15:26:28 IST" name="login" finished-at="2024-03-06T15:26:31 IST" duration-ms="3080" status="PASS">
          <reporter-output>
          </reporter-output>
        </test-method> <!-- login -->
        <test-method is-config="true" signature="teardown()[pri:0, instance:TestCase.TC_01_zigwheels@175c2241]" started-at="2024-03-06T15:26:31 IST" name="teardown" finished-at="2024-03-06T15:26:32 IST" duration-ms="1269" status="PASS">
          <reporter-output>
          </reporter-output>
        </test-method> <!-- teardown -->
      </class> <!-- TestCase.TC_01_zigwheels -->
    </test> <!-- Edge -->
  </suite> <!-- Suite -->
</testng-results>
